[ 18:52:23 | command ] git rev-parse --show-toplevel
[ 18:52:23 | error ] Error: fatal: Not a git repository (or any parent up to mount point /home/lucas)
Stopping at filesystem boundary (GIT_DISCOVERY_ACROSS_FILESYSTEM not set).
[ 18:52:23 | info ] File "/home/lucas/Documents/desenvolvimento/node/post-api/src/controllers/post-controller.js" is not a decendant of a git repository
[ 18:52:23 | info ] File "/home/lucas/Documents/desenvolvimento/node/post-api/src/controllers/post-controller.js" is not a decendant of a git repository
[ 18:52:47 | command ] git rev-parse --show-toplevel
[ 18:52:47 | error ] Error: fatal: Not a git repository (or any parent up to mount point /home/lucas)
Stopping at filesystem boundary (GIT_DISCOVERY_ACROSS_FILESYSTEM not set).
[ 18:52:47 | info ] File "/home/lucas/Documents/desenvolvimento/node/post-api/src/repositories/post-repository.js" is not a decendant of a git repository
[ 18:56:47 | info ] Clearing the file "/home/lucas/Documents/desenvolvimento/node/post-api/src/repositories/post-repository.js" from the internal cache
[ 18:56:57 | command ] git rev-parse --show-toplevel
[ 18:56:57 | error ] Error: fatal: Not a git repository (or any parent up to mount point /home/lucas)
Stopping at filesystem boundary (GIT_DISCOVERY_ACROSS_FILESYSTEM not set).
[ 18:56:57 | info ] File "/home/lucas/Documents/desenvolvimento/node/post-api/.vscode/launch.json" is not a decendant of a git repository
[ 18:56:57 | info ] File "/home/lucas/Documents/desenvolvimento/node/post-api/.vscode/launch.json" is not a decendant of a git repository
[ 18:56:57 | info ] File "/home/lucas/Documents/desenvolvimento/node/post-api/.vscode/launch.json" is not a decendant of a git repository
[ 18:56:57 | info ] File "/home/lucas/Documents/desenvolvimento/node/post-api/.vscode/launch.json" is not a decendant of a git repository
[ 19:00:16 | command ] git rev-parse --show-toplevel
[ 19:00:16 | error ] Error: fatal: Not a git repository (or any parent up to mount point /home/lucas)
Stopping at filesystem boundary (GIT_DISCOVERY_ACROSS_FILESYSTEM not set).
[ 19:00:16 | info ] File "/home/lucas/Documents/desenvolvimento/node/post-api/src/repositories/post-repository.js" is not a decendant of a git repository
[ 19:00:16 | info ] File "/home/lucas/Documents/desenvolvimento/node/post-api/src/repositories/post-repository.js" is not a decendant of a git repository
[ 19:00:57 | info ] Clearing the file "/home/lucas/Documents/desenvolvimento/node/post-api/.vscode/launch.json" from the internal cache
[ 19:02:42 | info ] Will not try to blame file "/<node_internals>/internal/async_hooks.js" as it is outside of the current workspace
[ 19:03:31 | command ] git rev-parse --show-toplevel
[ 19:03:31 | error ] Error: fatal: Not a git repository (or any parent up to mount point /home/lucas)
Stopping at filesystem boundary (GIT_DISCOVERY_ACROSS_FILESYSTEM not set).
[ 19:03:31 | info ] File "/home/lucas/Documents/desenvolvimento/node/post-api/node_modules/mongoose/lib/services/document/compile.js" is not a decendant of a git repository
[ 19:03:31 | info ] File "/home/lucas/Documents/desenvolvimento/node/post-api/node_modules/mongoose/lib/services/document/compile.js" is not a decendant of a git repository
[ 19:03:32 | command ] git rev-parse --show-toplevel
[ 19:03:32 | error ] Error: fatal: Not a git repository (or any parent up to mount point /home/lucas)
Stopping at filesystem boundary (GIT_DISCOVERY_ACROSS_FILESYSTEM not set).
[ 19:03:32 | info ] File "/home/lucas/Documents/desenvolvimento/node/post-api/node_modules/mongoose/lib/document.js" is not a decendant of a git repository
[ 19:03:32 | info ] File "/home/lucas/Documents/desenvolvimento/node/post-api/node_modules/mongoose/lib/document.js" is not a decendant of a git repository
[ 19:04:23 | info ] Clearing the file "/home/lucas/Documents/desenvolvimento/node/post-api/src/controllers/post-controller.js" from the internal cache
[ 19:04:24 | command ] git rev-parse --show-toplevel
[ 19:04:24 | error ] Error: fatal: Not a git repository (or any parent up to mount point /home/lucas)
Stopping at filesystem boundary (GIT_DISCOVERY_ACROSS_FILESYSTEM not set).
[ 19:04:24 | info ] File "/home/lucas/Documents/desenvolvimento/node/post-api/src/controllers/post-controller.js" is not a decendant of a git repository
[ 19:04:24 | info ] File "/home/lucas/Documents/desenvolvimento/node/post-api/src/controllers/post-controller.js" is not a decendant of a git repository
[ 19:06:42 | info ] Clearing the file "/<node_internals>/internal/async_hooks.js" from the internal cache
[ 19:07:31 | info ] Clearing the file "/home/lucas/Documents/desenvolvimento/node/post-api/node_modules/mongoose/lib/services/document/compile.js" from the internal cache
[ 19:07:32 | info ] Clearing the file "/home/lucas/Documents/desenvolvimento/node/post-api/node_modules/mongoose/lib/document.js" from the internal cache
