[2018-08-11 18:45:25.975] [exthost1] [info] extension host started
[2018-08-11 18:45:26.017] [exthost1] [info] ExtensionService#_doActivateExtension vscode.emmet {"startup":true,"activationEvent":"*"}
[2018-08-11 18:45:26.017] [exthost1] [info] ExtensionService#loadCommonJSModule /usr/share/code/resources/app/extensions/emmet/out/extension
[2018-08-11 18:45:28.201] [exthost1] [info] ExtensionService#_doActivateExtension vscode.git {"startup":true,"activationEvent":"*"}
[2018-08-11 18:45:28.201] [exthost1] [info] ExtensionService#loadCommonJSModule /usr/share/code/resources/app/extensions/git/out/main
[2018-08-11 18:45:30.593] [exthost1] [info] ExtensionService#_doActivateExtension vscode.merge-conflict {"startup":true,"activationEvent":"*"}
[2018-08-11 18:45:30.593] [exthost1] [info] ExtensionService#loadCommonJSModule /usr/share/code/resources/app/extensions/merge-conflict/out/extension
[2018-08-11 18:45:30.656] [exthost1] [info] ExtensionService#_doActivateExtension vscode.search-rg {"startup":true,"activationEvent":"*"}
[2018-08-11 18:45:30.656] [exthost1] [info] ExtensionService#loadCommonJSModule /usr/share/code/resources/app/extensions/search-rg/out/extension
[2018-08-11 18:45:30.856] [exthost1] [info] ExtensionService#_doActivateExtension 2gua.rainbow-brackets {"startup":true,"activationEvent":"*"}
[2018-08-11 18:45:30.856] [exthost1] [info] ExtensionService#loadCommonJSModule /root/.vscode/extensions/2gua.rainbow-brackets-0.0.6/out/src/extension
[2018-08-11 18:45:30.920] [exthost1] [info] ExtensionService#_doActivateExtension christian-kohler.path-intellisense {"startup":true,"activationEvent":"*"}
[2018-08-11 18:45:30.920] [exthost1] [info] ExtensionService#loadCommonJSModule /root/.vscode/extensions/christian-kohler.path-intellisense-1.4.2/out/src/extension
[2018-08-11 18:45:31.354] [exthost1] [info] ExtensionService#_doActivateExtension cssho.vscode-svgviewer {"startup":true,"activationEvent":"*"}
[2018-08-11 18:45:31.354] [exthost1] [info] ExtensionService#loadCommonJSModule /root/.vscode/extensions/cssho.vscode-svgviewer-1.4.4/out/src/extension
[2018-08-11 18:45:31.679] [exthost1] [info] ExtensionService#_doActivateExtension dbaeumer.vscode-eslint {"startup":true,"activationEvent":"*"}
[2018-08-11 18:45:31.679] [exthost1] [info] ExtensionService#loadCommonJSModule /root/.vscode/extensions/dbaeumer.vscode-eslint-1.4.12/client/out/extension
[2018-08-11 18:45:31.830] [exthost1] [info] ExtensionService#_doActivateExtension esbenp.prettier-vscode {"startup":true,"activationEvent":"*"}
[2018-08-11 18:45:31.830] [exthost1] [info] ExtensionService#loadCommonJSModule /root/.vscode/extensions/esbenp.prettier-vscode-1.6.1/out/src/extension
[2018-08-11 18:45:32.395] [exthost1] [info] ExtensionService#_doActivateExtension formulahendry.auto-close-tag {"startup":true,"activationEvent":"*"}
[2018-08-11 18:45:32.395] [exthost1] [info] ExtensionService#loadCommonJSModule /root/.vscode/extensions/formulahendry.auto-close-tag-0.5.6/out/src/extension
[2018-08-11 18:45:32.417] [exthost1] [info] ExtensionService#_doActivateExtension formulahendry.auto-rename-tag {"startup":true,"activationEvent":"*"}
[2018-08-11 18:45:32.417] [exthost1] [info] ExtensionService#loadCommonJSModule /root/.vscode/extensions/formulahendry.auto-rename-tag-0.0.15/out/src/extension
[2018-08-11 18:45:32.451] [exthost1] [info] ExtensionService#_doActivateExtension HookyQR.beautify {"startup":true,"activationEvent":"*"}
[2018-08-11 18:45:32.451] [exthost1] [info] ExtensionService#loadCommonJSModule /root/.vscode/extensions/hookyqr.beautify-1.3.2/extension
[2018-08-11 18:45:32.756] [exthost1] [info] ExtensionService#_doActivateExtension naumovs.color-highlight {"startup":true,"activationEvent":"*"}
[2018-08-11 18:45:32.756] [exthost1] [info] ExtensionService#loadCommonJSModule /root/.vscode/extensions/naumovs.color-highlight-2.3.0/dist/extension
[2018-08-11 18:45:32.825] [exthost1] [info] ExtensionService#_doActivateExtension Shan.code-settings-sync {"startup":true,"activationEvent":"*"}
[2018-08-11 18:45:32.825] [exthost1] [info] ExtensionService#loadCommonJSModule /root/.vscode/extensions/shan.code-settings-sync-3.0.0/out/src/extension
[2018-08-11 18:45:34.852] [exthost1] [info] ExtensionService#_doActivateExtension streetsidesoftware.code-spell-checker {"startup":true,"activationEvent":"*"}
[2018-08-11 18:45:34.852] [exthost1] [info] ExtensionService#loadCommonJSModule /root/.vscode/extensions/streetsidesoftware.code-spell-checker-1.6.10/out/src/extension
[2018-08-11 18:45:35.544] [exthost1] [info] ExtensionService#_doActivateExtension waderyan.gitblame {"startup":true,"activationEvent":"*"}
[2018-08-11 18:45:35.544] [exthost1] [info] ExtensionService#loadCommonJSModule /root/.vscode/extensions/waderyan.gitblame-2.4.4/out/src/index
[2018-08-11 18:45:35.786] [exthost1] [info] ExtensionService#_doActivateExtension wayou.vscode-todo-highlight {"startup":true,"activationEvent":"*"}
[2018-08-11 18:45:35.786] [exthost1] [info] ExtensionService#loadCommonJSModule /root/.vscode/extensions/wayou.vscode-todo-highlight-1.0.4/src/extension
[2018-08-11 18:45:35.820] [exthost1] [info] ExtensionService#_doActivateExtension vscode.typescript-language-features {"startup":false,"activationEvent":"onLanguage:javascript"}
[2018-08-11 18:45:35.820] [exthost1] [info] ExtensionService#loadCommonJSModule /usr/share/code/resources/app/extensions/typescript-language-features/out/extension
[2018-08-11 18:45:36.128] [exthost1] [info] ExtensionService#_doActivateExtension christian-kohler.npm-intellisense {"startup":false,"activationEvent":"onLanguage:javascript"}
[2018-08-11 18:45:36.128] [exthost1] [info] ExtensionService#loadCommonJSModule /root/.vscode/extensions/christian-kohler.npm-intellisense-1.3.0/out/src/extension
[2018-08-11 18:45:36.252] [exthost1] [info] ExtensionService#_doActivateExtension ecmel.vscode-html-css {"startup":false,"activationEvent":"onLanguage:javascript"}
[2018-08-11 18:45:36.252] [exthost1] [info] ExtensionService#loadCommonJSModule /root/.vscode/extensions/ecmel.vscode-html-css-0.2.0/out/src/extension
[2018-08-11 18:45:38.663] [exthost1] [info] ExtensionService#_doActivateExtension eg2.tslint {"startup":false,"activationEvent":"onLanguage:javascript"}
[2018-08-11 18:45:38.663] [exthost1] [info] ExtensionService#loadCommonJSModule /root/.vscode/extensions/eg2.tslint-1.0.34/out/extension
[2018-08-11 18:45:38.833] [exthost1] [info] ExtensionService#_doActivateExtension flowtype.flow-for-vscode {"startup":false,"activationEvent":"onLanguage:javascript"}
[2018-08-11 18:45:38.833] [exthost1] [info] ExtensionService#loadCommonJSModule /root/.vscode/extensions/flowtype.flow-for-vscode-0.8.2/build/index.js
[2018-08-11 18:45:41.224] [exthost1] [info] ExtensionService#_doActivateExtension mgmcdermott.vscode-language-babel {"startup":false,"activationEvent":"onLanguage:javascript"}
[2018-08-11 18:45:41.224] [exthost1] [info] ExtensionService#loadCommonJSModule /root/.vscode/extensions/mgmcdermott.vscode-language-babel-0.0.20/dist/extension
[2018-08-11 18:45:41.242] [exthost1] [info] eager extensions activated
[2018-08-11 18:46:43.274] [exthost1] [info] ExtensionService#_doActivateExtension vscode.extension-editing {"startup":false,"activationEvent":"onLanguage:typescript"}
[2018-08-11 18:46:43.274] [exthost1] [info] ExtensionService#loadCommonJSModule /usr/share/code/resources/app/extensions/extension-editing/out/extension
[2018-08-11 18:47:09.597] [exthost1] [info] extension host started
[2018-08-11 18:47:09.650] [exthost1] [info] ExtensionService#_doActivateExtension vscode.emmet {"startup":true,"activationEvent":"*"}
[2018-08-11 18:47:09.650] [exthost1] [info] ExtensionService#loadCommonJSModule /usr/share/code/resources/app/extensions/emmet/out/extension
[2018-08-11 18:47:09.729] [exthost1] [info] ExtensionService#_doActivateExtension vscode.git {"startup":true,"activationEvent":"*"}
[2018-08-11 18:47:09.729] [exthost1] [info] ExtensionService#loadCommonJSModule /usr/share/code/resources/app/extensions/git/out/main
[2018-08-11 18:47:09.973] [exthost1] [info] ExtensionService#_doActivateExtension vscode.merge-conflict {"startup":true,"activationEvent":"*"}
[2018-08-11 18:47:09.973] [exthost1] [info] ExtensionService#loadCommonJSModule /usr/share/code/resources/app/extensions/merge-conflict/out/extension
[2018-08-11 18:47:09.994] [exthost1] [info] ExtensionService#_doActivateExtension vscode.search-rg {"startup":true,"activationEvent":"*"}
[2018-08-11 18:47:09.994] [exthost1] [info] ExtensionService#loadCommonJSModule /usr/share/code/resources/app/extensions/search-rg/out/extension
[2018-08-11 18:47:10.003] [exthost1] [info] ExtensionService#_doActivateExtension 2gua.rainbow-brackets {"startup":true,"activationEvent":"*"}
[2018-08-11 18:47:10.003] [exthost1] [info] ExtensionService#loadCommonJSModule /root/.vscode/extensions/2gua.rainbow-brackets-0.0.6/out/src/extension
[2018-08-11 18:47:10.005] [exthost1] [info] ExtensionService#_doActivateExtension christian-kohler.path-intellisense {"startup":true,"activationEvent":"*"}
[2018-08-11 18:47:10.005] [exthost1] [info] ExtensionService#loadCommonJSModule /root/.vscode/extensions/christian-kohler.path-intellisense-1.4.2/out/src/extension
[2018-08-11 18:47:10.021] [exthost1] [info] ExtensionService#_doActivateExtension cssho.vscode-svgviewer {"startup":true,"activationEvent":"*"}
[2018-08-11 18:47:10.021] [exthost1] [info] ExtensionService#loadCommonJSModule /root/.vscode/extensions/cssho.vscode-svgviewer-1.4.4/out/src/extension
[2018-08-11 18:47:10.042] [exthost1] [info] ExtensionService#_doActivateExtension dbaeumer.vscode-eslint {"startup":true,"activationEvent":"*"}
[2018-08-11 18:47:10.042] [exthost1] [info] ExtensionService#loadCommonJSModule /root/.vscode/extensions/dbaeumer.vscode-eslint-1.4.12/client/out/extension
[2018-08-11 18:47:10.123] [exthost1] [info] ExtensionService#_doActivateExtension esbenp.prettier-vscode {"startup":true,"activationEvent":"*"}
[2018-08-11 18:47:10.123] [exthost1] [info] ExtensionService#loadCommonJSModule /root/.vscode/extensions/esbenp.prettier-vscode-1.6.1/out/src/extension
[2018-08-11 18:47:10.426] [exthost1] [info] ExtensionService#_doActivateExtension formulahendry.auto-close-tag {"startup":true,"activationEvent":"*"}
[2018-08-11 18:47:10.426] [exthost1] [info] ExtensionService#loadCommonJSModule /root/.vscode/extensions/formulahendry.auto-close-tag-0.5.6/out/src/extension
[2018-08-11 18:47:10.428] [exthost1] [info] ExtensionService#_doActivateExtension formulahendry.auto-rename-tag {"startup":true,"activationEvent":"*"}
[2018-08-11 18:47:10.428] [exthost1] [info] ExtensionService#loadCommonJSModule /root/.vscode/extensions/formulahendry.auto-rename-tag-0.0.15/out/src/extension
[2018-08-11 18:47:10.431] [exthost1] [info] ExtensionService#_doActivateExtension HookyQR.beautify {"startup":true,"activationEvent":"*"}
[2018-08-11 18:47:10.431] [exthost1] [info] ExtensionService#loadCommonJSModule /root/.vscode/extensions/hookyqr.beautify-1.3.2/extension
[2018-08-11 18:47:10.494] [exthost1] [info] ExtensionService#_doActivateExtension naumovs.color-highlight {"startup":true,"activationEvent":"*"}
[2018-08-11 18:47:10.494] [exthost1] [info] ExtensionService#loadCommonJSModule /root/.vscode/extensions/naumovs.color-highlight-2.3.0/dist/extension
[2018-08-11 18:47:10.541] [exthost1] [info] ExtensionService#_doActivateExtension Shan.code-settings-sync {"startup":true,"activationEvent":"*"}
[2018-08-11 18:47:10.541] [exthost1] [info] ExtensionService#loadCommonJSModule /root/.vscode/extensions/shan.code-settings-sync-3.0.0/out/src/extension
[2018-08-11 18:47:10.867] [exthost1] [info] ExtensionService#_doActivateExtension streetsidesoftware.code-spell-checker {"startup":true,"activationEvent":"*"}
[2018-08-11 18:47:10.867] [exthost1] [info] ExtensionService#loadCommonJSModule /root/.vscode/extensions/streetsidesoftware.code-spell-checker-1.6.10/out/src/extension
[2018-08-11 18:47:11.017] [exthost1] [info] ExtensionService#_doActivateExtension waderyan.gitblame {"startup":true,"activationEvent":"*"}
[2018-08-11 18:47:11.017] [exthost1] [info] ExtensionService#loadCommonJSModule /root/.vscode/extensions/waderyan.gitblame-2.4.4/out/src/index
[2018-08-11 18:47:11.049] [exthost1] [info] ExtensionService#_doActivateExtension wayou.vscode-todo-highlight {"startup":true,"activationEvent":"*"}
[2018-08-11 18:47:11.049] [exthost1] [info] ExtensionService#loadCommonJSModule /root/.vscode/extensions/wayou.vscode-todo-highlight-1.0.4/src/extension
[2018-08-11 18:47:11.055] [exthost1] [info] eager extensions activated
[2018-08-11 18:47:23.843] [exthost1] [info] ExtensionService#_doActivateExtension vscode.typescript-language-features {"startup":false,"activationEvent":"onLanguage:javascript"}
[2018-08-11 18:47:23.843] [exthost1] [info] ExtensionService#loadCommonJSModule /usr/share/code/resources/app/extensions/typescript-language-features/out/extension
[2018-08-11 18:47:23.993] [exthost1] [info] ExtensionService#_doActivateExtension christian-kohler.npm-intellisense {"startup":false,"activationEvent":"onLanguage:javascript"}
[2018-08-11 18:47:23.993] [exthost1] [info] ExtensionService#loadCommonJSModule /root/.vscode/extensions/christian-kohler.npm-intellisense-1.3.0/out/src/extension
[2018-08-11 18:47:24.014] [exthost1] [info] ExtensionService#_doActivateExtension ecmel.vscode-html-css {"startup":false,"activationEvent":"onLanguage:javascript"}
[2018-08-11 18:47:24.014] [exthost1] [info] ExtensionService#loadCommonJSModule /root/.vscode/extensions/ecmel.vscode-html-css-0.2.0/out/src/extension
[2018-08-11 18:47:24.410] [exthost1] [info] ExtensionService#_doActivateExtension eg2.tslint {"startup":false,"activationEvent":"onLanguage:javascript"}
[2018-08-11 18:47:24.410] [exthost1] [info] ExtensionService#loadCommonJSModule /root/.vscode/extensions/eg2.tslint-1.0.34/out/extension
[2018-08-11 18:47:24.482] [exthost1] [info] ExtensionService#_doActivateExtension flowtype.flow-for-vscode {"startup":false,"activationEvent":"onLanguage:javascript"}
[2018-08-11 18:47:24.482] [exthost1] [info] ExtensionService#loadCommonJSModule /root/.vscode/extensions/flowtype.flow-for-vscode-0.8.2/build/index.js
[2018-08-11 18:47:24.841] [exthost1] [info] ExtensionService#_doActivateExtension mgmcdermott.vscode-language-babel {"startup":false,"activationEvent":"onLanguage:javascript"}
[2018-08-11 18:47:24.841] [exthost1] [info] ExtensionService#loadCommonJSModule /root/.vscode/extensions/mgmcdermott.vscode-language-babel-0.0.20/dist/extension
[2018-08-11 18:52:19.047] [exthost1] [info] extension host started
[2018-08-11 18:52:19.088] [exthost1] [info] ExtensionService#_doActivateExtension vscode.emmet {"startup":true,"activationEvent":"*"}
[2018-08-11 18:52:19.088] [exthost1] [info] ExtensionService#loadCommonJSModule /usr/share/code/resources/app/extensions/emmet/out/extension
[2018-08-11 18:52:19.150] [exthost1] [info] ExtensionService#_doActivateExtension vscode.git {"startup":true,"activationEvent":"*"}
[2018-08-11 18:52:19.150] [exthost1] [info] ExtensionService#loadCommonJSModule /usr/share/code/resources/app/extensions/git/out/main
[2018-08-11 18:52:19.324] [exthost1] [info] ExtensionService#_doActivateExtension vscode.merge-conflict {"startup":true,"activationEvent":"*"}
[2018-08-11 18:52:19.324] [exthost1] [info] ExtensionService#loadCommonJSModule /usr/share/code/resources/app/extensions/merge-conflict/out/extension
[2018-08-11 18:52:19.337] [exthost1] [info] ExtensionService#_doActivateExtension vscode.search-rg {"startup":true,"activationEvent":"*"}
[2018-08-11 18:52:19.337] [exthost1] [info] ExtensionService#loadCommonJSModule /usr/share/code/resources/app/extensions/search-rg/out/extension
[2018-08-11 18:52:19.343] [exthost1] [info] ExtensionService#_doActivateExtension 2gua.rainbow-brackets {"startup":true,"activationEvent":"*"}
[2018-08-11 18:52:19.343] [exthost1] [info] ExtensionService#loadCommonJSModule /root/.vscode/extensions/2gua.rainbow-brackets-0.0.6/out/src/extension
[2018-08-11 18:52:19.344] [exthost1] [info] ExtensionService#_doActivateExtension christian-kohler.path-intellisense {"startup":true,"activationEvent":"*"}
[2018-08-11 18:52:19.344] [exthost1] [info] ExtensionService#loadCommonJSModule /root/.vscode/extensions/christian-kohler.path-intellisense-1.4.2/out/src/extension
[2018-08-11 18:52:19.355] [exthost1] [info] ExtensionService#_doActivateExtension cssho.vscode-svgviewer {"startup":true,"activationEvent":"*"}
[2018-08-11 18:52:19.355] [exthost1] [info] ExtensionService#loadCommonJSModule /root/.vscode/extensions/cssho.vscode-svgviewer-1.4.4/out/src/extension
[2018-08-11 18:52:19.374] [exthost1] [info] ExtensionService#_doActivateExtension dbaeumer.vscode-eslint {"startup":true,"activationEvent":"*"}
[2018-08-11 18:52:19.374] [exthost1] [info] ExtensionService#loadCommonJSModule /root/.vscode/extensions/dbaeumer.vscode-eslint-1.4.12/client/out/extension
[2018-08-11 18:52:19.435] [exthost1] [info] ExtensionService#_doActivateExtension esbenp.prettier-vscode {"startup":true,"activationEvent":"*"}
[2018-08-11 18:52:19.435] [exthost1] [info] ExtensionService#loadCommonJSModule /root/.vscode/extensions/esbenp.prettier-vscode-1.6.1/out/src/extension
[2018-08-11 18:52:19.634] [exthost1] [info] ExtensionService#_doActivateExtension formulahendry.auto-close-tag {"startup":true,"activationEvent":"*"}
[2018-08-11 18:52:19.634] [exthost1] [info] ExtensionService#loadCommonJSModule /root/.vscode/extensions/formulahendry.auto-close-tag-0.5.6/out/src/extension
[2018-08-11 18:52:19.636] [exthost1] [info] ExtensionService#_doActivateExtension formulahendry.auto-rename-tag {"startup":true,"activationEvent":"*"}
[2018-08-11 18:52:19.636] [exthost1] [info] ExtensionService#loadCommonJSModule /root/.vscode/extensions/formulahendry.auto-rename-tag-0.0.15/out/src/extension
[2018-08-11 18:52:19.639] [exthost1] [info] ExtensionService#_doActivateExtension HookyQR.beautify {"startup":true,"activationEvent":"*"}
[2018-08-11 18:52:19.639] [exthost1] [info] ExtensionService#loadCommonJSModule /root/.vscode/extensions/hookyqr.beautify-1.3.2/extension
[2018-08-11 18:52:19.690] [exthost1] [info] ExtensionService#_doActivateExtension naumovs.color-highlight {"startup":true,"activationEvent":"*"}
[2018-08-11 18:52:19.690] [exthost1] [info] ExtensionService#loadCommonJSModule /root/.vscode/extensions/naumovs.color-highlight-2.3.0/dist/extension
[2018-08-11 18:52:19.736] [exthost1] [info] ExtensionService#_doActivateExtension Shan.code-settings-sync {"startup":true,"activationEvent":"*"}
[2018-08-11 18:52:19.736] [exthost1] [info] ExtensionService#loadCommonJSModule /root/.vscode/extensions/shan.code-settings-sync-3.0.0/out/src/extension
[2018-08-11 18:52:19.985] [exthost1] [info] ExtensionService#_doActivateExtension streetsidesoftware.code-spell-checker {"startup":true,"activationEvent":"*"}
[2018-08-11 18:52:19.985] [exthost1] [info] ExtensionService#loadCommonJSModule /root/.vscode/extensions/streetsidesoftware.code-spell-checker-1.6.10/out/src/extension
[2018-08-11 18:52:20.127] [exthost1] [info] ExtensionService#_doActivateExtension waderyan.gitblame {"startup":true,"activationEvent":"*"}
[2018-08-11 18:52:20.128] [exthost1] [info] ExtensionService#loadCommonJSModule /root/.vscode/extensions/waderyan.gitblame-2.4.4/out/src/index
[2018-08-11 18:52:20.161] [exthost1] [info] ExtensionService#_doActivateExtension wayou.vscode-todo-highlight {"startup":true,"activationEvent":"*"}
[2018-08-11 18:52:20.161] [exthost1] [info] ExtensionService#loadCommonJSModule /root/.vscode/extensions/wayou.vscode-todo-highlight-1.0.4/src/extension
[2018-08-11 18:52:20.166] [exthost1] [info] eager extensions activated
[2018-08-11 18:52:22.491] [exthost1] [info] ExtensionService#_doActivateExtension vscode.typescript-language-features {"startup":false,"activationEvent":"onLanguage:javascript"}
[2018-08-11 18:52:22.491] [exthost1] [info] ExtensionService#loadCommonJSModule /usr/share/code/resources/app/extensions/typescript-language-features/out/extension
[2018-08-11 18:52:22.688] [exthost1] [info] ExtensionService#_doActivateExtension christian-kohler.npm-intellisense {"startup":false,"activationEvent":"onLanguage:javascript"}
[2018-08-11 18:52:22.688] [exthost1] [info] ExtensionService#loadCommonJSModule /root/.vscode/extensions/christian-kohler.npm-intellisense-1.3.0/out/src/extension
[2018-08-11 18:52:22.712] [exthost1] [info] ExtensionService#_doActivateExtension ecmel.vscode-html-css {"startup":false,"activationEvent":"onLanguage:javascript"}
[2018-08-11 18:52:22.712] [exthost1] [info] ExtensionService#loadCommonJSModule /root/.vscode/extensions/ecmel.vscode-html-css-0.2.0/out/src/extension
[2018-08-11 18:52:23.112] [exthost1] [info] ExtensionService#_doActivateExtension eg2.tslint {"startup":false,"activationEvent":"onLanguage:javascript"}
[2018-08-11 18:52:23.112] [exthost1] [info] ExtensionService#loadCommonJSModule /root/.vscode/extensions/eg2.tslint-1.0.34/out/extension
[2018-08-11 18:52:23.160] [exthost1] [info] ExtensionService#_doActivateExtension flowtype.flow-for-vscode {"startup":false,"activationEvent":"onLanguage:javascript"}
[2018-08-11 18:52:23.160] [exthost1] [info] ExtensionService#loadCommonJSModule /root/.vscode/extensions/flowtype.flow-for-vscode-0.8.2/build/index.js
[2018-08-11 18:52:23.450] [exthost1] [info] ExtensionService#_doActivateExtension mgmcdermott.vscode-language-babel {"startup":false,"activationEvent":"onLanguage:javascript"}
[2018-08-11 18:52:23.450] [exthost1] [info] ExtensionService#loadCommonJSModule /root/.vscode/extensions/mgmcdermott.vscode-language-babel-0.0.20/dist/extension
[2018-08-11 18:52:48.502] [exthost1] [info] ExtensionService#_doActivateExtension vscode.extension-editing {"startup":false,"activationEvent":"onLanguage:typescript"}
[2018-08-11 18:52:48.502] [exthost1] [info] ExtensionService#loadCommonJSModule /usr/share/code/resources/app/extensions/extension-editing/out/extension
[2018-08-11 18:56:25.011] [exthost1] [info] ExtensionService#_doActivateExtension ms-vscode.node-debug2 {"startup":false,"activationEvent":"onDebug"}
[2018-08-11 18:56:25.011] [exthost1] [info] ExtensionService#loadCommonJSModule /usr/share/code/resources/app/extensions/ms-vscode.node-debug2/out/src/extension
[2018-08-11 18:56:25.038] [exthost1] [info] ExtensionService#_doActivateExtension vsmobile.vscode-react-native {"startup":false,"activationEvent":"onDebug"}
[2018-08-11 18:56:25.038] [exthost1] [info] ExtensionService#loadCommonJSModule /root/.vscode/extensions/vsmobile.vscode-react-native-0.6.13/src/extension/rn-extension
[2018-08-11 18:56:26.126] [exthost1] [info] ExtensionService#_doActivateExtension ms-vscode.node-debug {"startup":false,"activationEvent":"onDebugResolve:node"}
[2018-08-11 18:56:26.126] [exthost1] [info] ExtensionService#loadCommonJSModule /usr/share/code/resources/app/extensions/ms-vscode.node-debug/out/node/extension/extension.js
[2018-08-11 18:56:56.087] [exthost1] [info] ExtensionService#_doActivateExtension msjsdiag.debugger-for-chrome {"startup":false,"activationEvent":"onDebugInitialConfigurations"}
[2018-08-11 18:56:56.087] [exthost1] [info] ExtensionService#loadCommonJSModule /root/.vscode/extensions/msjsdiag.debugger-for-chrome-4.8.2/out/src/extension
[2018-08-11 18:56:56.886] [exthost1] [info] ExtensionService#_doActivateExtension vscode.configuration-editing {"startup":false,"activationEvent":"onLanguage:jsonc"}
[2018-08-11 18:56:56.886] [exthost1] [info] ExtensionService#loadCommonJSModule /usr/share/code/resources/app/extensions/configuration-editing/out/extension
[2018-08-11 18:56:57.096] [exthost1] [info] ExtensionService#_doActivateExtension vscode.json-language-features {"startup":false,"activationEvent":"onLanguage:jsonc"}
[2018-08-11 18:56:57.096] [exthost1] [info] ExtensionService#loadCommonJSModule /usr/share/code/resources/app/extensions/json-language-features/client/out/jsonMain
